2024-11-20T11:46:32.536+05:30  INFO 18488 --- [ORDER-SERVICE] [main] c.c.c.ConfigServicePropertySourceLocator : Fetching config from server at : http://localhost:8888
2024-11-20T11:46:32.550+05:30  INFO 18488 --- [ORDER-SERVICE] [main] c.c.c.ConfigServicePropertySourceLocator : Exception on Url - http://localhost:8888:org.springframework.web.client.ResourceAccessException: I/O error on GET request for "http://localhost:8888/ORDER-SERVICE/default": Connection refused: getsockopt. Will be trying the next url if available
2024-11-20T11:46:32.551+05:30  WARN 18488 --- [ORDER-SERVICE] [main] c.c.c.ConfigServicePropertySourceLocator : Could not locate PropertySource: I/O error on GET request for "http://localhost:8888/ORDER-SERVICE/default": Connection refused: getsockopt
2024-11-20T11:46:32.565+05:30  INFO 18488 --- [ORDER-SERVICE] [main] c.t.os.api.OrderServiceApplication       : No active profile set, falling back to 1 default profile: "default"
2024-11-20T11:46:32.639+05:30  INFO 18488 --- [ORDER-SERVICE] [main] o.s.c.c.c.ConfigServerConfigDataLoader   : Fetching config from server at : http://localhost:9196
2024-11-20T11:46:32.639+05:30  INFO 18488 --- [ORDER-SERVICE] [main] o.s.c.c.c.ConfigServerConfigDataLoader   : Located environment: name=ORDER-SERVICE, profiles=[default], label=null, version=336e9ced0209e5aa861c591af0a59af532fb3aa0, state=null
2024-11-20T11:46:34.060+05:30  INFO 18488 --- [ORDER-SERVICE] [main] .s.d.r.c.RepositoryConfigurationDelegate : Bootstrapping Spring Data JPA repositories in DEFAULT mode.
2024-11-20T11:46:34.435+05:30  INFO 18488 --- [ORDER-SERVICE] [main] .s.d.r.c.RepositoryConfigurationDelegate : Finished Spring Data repository scanning in 348 ms. Found 1 JPA repository interface.
2024-11-20T11:46:35.092+05:30  INFO 18488 --- [ORDER-SERVICE] [main] o.s.cloud.context.scope.GenericScope     : BeanFactory id=f717f652-c2a0-37d5-92b9-24cd52a0cce2
2024-11-20T11:46:35.339+05:30  WARN 18488 --- [ORDER-SERVICE] [main] trationDelegate$BeanPostProcessorChecker : Bean 'org.springframework.cloud.client.loadbalancer.LoadBalancerAutoConfiguration$DeferringLoadBalancerInterceptorConfig' of type [org.springframework.cloud.client.loadbalancer.LoadBalancerAutoConfiguration$DeferringLoadBalancerInterceptorConfig] is not eligible for getting processed by all BeanPostProcessors (for example: not eligible for auto-proxying). The currently created BeanPostProcessor [lbRestClientPostProcessor] is declared through a non-static factory method on that class; consider declaring it as static instead.
2024-11-20T11:46:35.347+05:30  WARN 18488 --- [ORDER-SERVICE] [main] trationDelegate$BeanPostProcessorChecker : Bean 'deferringLoadBalancerInterceptor' of type [org.springframework.cloud.client.loadbalancer.DeferringLoadBalancerInterceptor] is not eligible for getting processed by all BeanPostProcessors (for example: not eligible for auto-proxying). Is this bean getting eagerly injected/applied to a currently created BeanPostProcessor [lbRestClientPostProcessor]? Check the corresponding BeanPostProcessor declaration and its dependencies/advisors. If this bean does not have to be post-processed, declare it with ROLE_INFRASTRUCTURE.
2024-11-20T11:46:35.974+05:30  INFO 18488 --- [ORDER-SERVICE] [main] o.s.b.w.embedded.tomcat.TomcatWebServer  : Tomcat initialized with port 9192 (http)
2024-11-20T11:46:36.009+05:30  INFO 18488 --- [ORDER-SERVICE] [main] o.apache.catalina.core.StandardService   : Starting service [Tomcat]
2024-11-20T11:46:36.011+05:30  INFO 18488 --- [ORDER-SERVICE] [main] o.apache.catalina.core.StandardEngine    : Starting Servlet engine: [Apache Tomcat/10.1.31]
2024-11-20T11:46:36.199+05:30  INFO 18488 --- [ORDER-SERVICE] [main] o.a.c.c.C.[Tomcat].[localhost].[/]       : Initializing Spring embedded WebApplicationContext
2024-11-20T11:46:36.200+05:30  INFO 18488 --- [ORDER-SERVICE] [main] w.s.c.ServletWebServerApplicationContext : Root WebApplicationContext: initialization completed in 3560 ms
2024-11-20T11:46:36.315+05:30  INFO 18488 --- [ORDER-SERVICE] [main] com.zaxxer.hikari.HikariDataSource       : HikariPool-1 - Starting...
2024-11-20T11:46:36.770+05:30  INFO 18488 --- [ORDER-SERVICE] [main] com.zaxxer.hikari.pool.HikariPool        : HikariPool-1 - Added connection conn0: url=jdbc:h2:mem:order_db user=SA
2024-11-20T11:46:36.774+05:30  INFO 18488 --- [ORDER-SERVICE] [main] com.zaxxer.hikari.HikariDataSource       : HikariPool-1 - Start completed.
2024-11-20T11:46:36.810+05:30  INFO 18488 --- [ORDER-SERVICE] [main] o.s.b.a.h2.H2ConsoleAutoConfiguration    : H2 console available at '/h2-console'. Database available at 'jdbc:h2:mem:order_db'
2024-11-20T11:46:37.194+05:30  INFO 18488 --- [ORDER-SERVICE] [main] o.hibernate.jpa.internal.util.LogHelper  : HHH000204: Processing PersistenceUnitInfo [name: default]
2024-11-20T11:46:37.361+05:30  INFO 18488 --- [ORDER-SERVICE] [main] org.hibernate.Version                    : HHH000412: Hibernate ORM core version 6.5.3.Final
2024-11-20T11:46:37.448+05:30  INFO 18488 --- [ORDER-SERVICE] [main] o.h.c.internal.RegionFactoryInitiator    : HHH000026: Second-level cache disabled
2024-11-20T11:46:38.254+05:30  INFO 18488 --- [ORDER-SERVICE] [main] o.s.o.j.p.SpringPersistenceUnitInfo      : No LoadTimeWeaver setup: ignoring JPA class transformer
2024-11-20T11:46:40.421+05:30  INFO 18488 --- [ORDER-SERVICE] [main] o.h.e.t.j.p.i.JtaPlatformInitiator       : HHH000489: No JTA platform available (set 'hibernate.transaction.jta.platform' to enable JTA platform integration)
2024-11-20T11:46:40.501+05:30  INFO 18488 --- [ORDER-SERVICE] [main] j.LocalContainerEntityManagerFactoryBean : Initialized JPA EntityManagerFactory for persistence unit 'default'
2024-11-20T11:46:40.717+05:30  WARN 18488 --- [ORDER-SERVICE] [main] JpaBaseConfiguration$JpaWebConfiguration : spring.jpa.open-in-view is enabled by default. Therefore, database queries may be performed during view rendering. Explicitly configure spring.jpa.open-in-view to disable this warning
2024-11-20T11:46:42.326+05:30  INFO 18488 --- [ORDER-SERVICE] [main] DiscoveryClientOptionalArgsConfiguration : Eureka HTTP Client uses RestTemplate.
2024-11-20T11:46:42.428+05:30  WARN 18488 --- [ORDER-SERVICE] [main] iguration$LoadBalancerCaffeineWarnLogger : Spring Cloud LoadBalancer is currently working with the default cache. While this cache implementation is useful for development and tests, it's recommended to use Caffeine cache in production.You can switch to using Caffeine cache, by adding it and org.springframework.cache.caffeine.CaffeineCacheManager to the classpath.
2024-11-20T11:46:42.480+05:30  INFO 18488 --- [ORDER-SERVICE] [main] o.s.c.n.eureka.InstanceInfoFactory       : Setting initial instance status as: STARTING
2024-11-20T11:46:42.541+05:30  INFO 18488 --- [ORDER-SERVICE] [main] com.netflix.discovery.DiscoveryClient    : Initializing Eureka in region us-east-1
2024-11-20T11:46:42.548+05:30  INFO 18488 --- [ORDER-SERVICE] [main] c.n.d.s.r.aws.ConfigClusterResolver      : Resolving eureka endpoints via configuration
2024-11-20T11:46:42.570+05:30  INFO 18488 --- [ORDER-SERVICE] [main] com.netflix.discovery.DiscoveryClient    : Disable delta property : false
2024-11-20T11:46:42.570+05:30  INFO 18488 --- [ORDER-SERVICE] [main] com.netflix.discovery.DiscoveryClient    : Single vip registry refresh property : null
2024-11-20T11:46:42.570+05:30  INFO 18488 --- [ORDER-SERVICE] [main] com.netflix.discovery.DiscoveryClient    : Force full registry fetch : false
2024-11-20T11:46:42.571+05:30  INFO 18488 --- [ORDER-SERVICE] [main] com.netflix.discovery.DiscoveryClient    : Application is null : false
2024-11-20T11:46:42.571+05:30  INFO 18488 --- [ORDER-SERVICE] [main] com.netflix.discovery.DiscoveryClient    : Registered Applications size is zero : true
2024-11-20T11:46:42.571+05:30  INFO 18488 --- [ORDER-SERVICE] [main] com.netflix.discovery.DiscoveryClient    : Application version is -1: true
2024-11-20T11:46:42.571+05:30  INFO 18488 --- [ORDER-SERVICE] [main] com.netflix.discovery.DiscoveryClient    : Getting all instance registry info from the eureka server
2024-11-20T11:46:43.474+05:30  INFO 18488 --- [ORDER-SERVICE] [main] com.netflix.discovery.DiscoveryClient    : The response status is 200
2024-11-20T11:46:43.484+05:30  INFO 18488 --- [ORDER-SERVICE] [main] com.netflix.discovery.DiscoveryClient    : Starting heartbeat executor: renew interval is: 30
2024-11-20T11:46:43.490+05:30  INFO 18488 --- [ORDER-SERVICE] [main] c.n.discovery.InstanceInfoReplicator     : InstanceInfoReplicator onDemand update allowed rate per min is 4
2024-11-20T11:46:43.496+05:30  INFO 18488 --- [ORDER-SERVICE] [main] com.netflix.discovery.DiscoveryClient    : Discovery Client initialized at timestamp 1732083403495 with initial instances count: 3
2024-11-20T11:46:43.512+05:30  INFO 18488 --- [ORDER-SERVICE] [main] o.s.c.n.e.s.EurekaServiceRegistry        : Registering application ORDER-SERVICE with eureka with status UP
2024-11-20T11:46:43.513+05:30  INFO 18488 --- [ORDER-SERVICE] [main] com.netflix.discovery.DiscoveryClient    : Saw local status change event StatusChangeEvent [timestamp=1732083403513, current=UP, previous=STARTING]
2024-11-20T11:46:43.517+05:30  INFO 18488 --- [ORDER-SERVICE] [DiscoveryClient-InstanceInfoReplicator-%d] com.netflix.discovery.DiscoveryClient    : DiscoveryClient_ORDER-SERVICE/TejaDvv:ORDER-SERVICE:9192: registering service...
2024-11-20T11:46:43.722+05:30  INFO 18488 --- [ORDER-SERVICE] [main] o.s.b.w.embedded.tomcat.TomcatWebServer  : Tomcat started on port 9192 (http) with context path '/'
2024-11-20T11:46:43.725+05:30  INFO 18488 --- [ORDER-SERVICE] [main] .s.c.n.e.s.EurekaAutoServiceRegistration : Updating port to 9192
2024-11-20T11:46:43.769+05:30  INFO 18488 --- [ORDER-SERVICE] [DiscoveryClient-InstanceInfoReplicator-%d] com.netflix.discovery.DiscoveryClient    : DiscoveryClient_ORDER-SERVICE/TejaDvv:ORDER-SERVICE:9192 - registration status: 204
2024-11-20T11:46:43.875+05:30  INFO 18488 --- [ORDER-SERVICE] [main] c.t.os.api.OrderServiceApplication       : Started OrderServiceApplication in 13.928 seconds (process running for 14.766)
2024-11-20T11:48:07.926+05:30  INFO 18488 --- [ORDER-SERVICE] [SpringApplicationShutdownHook] o.s.c.n.e.s.EurekaServiceRegistry        : Unregistering application ORDER-SERVICE with eureka with status DOWN
2024-11-20T11:48:07.927+05:30  INFO 18488 --- [ORDER-SERVICE] [SpringApplicationShutdownHook] com.netflix.discovery.DiscoveryClient    : Saw local status change event StatusChangeEvent [timestamp=1732083487927, current=DOWN, previous=UP]
2024-11-20T11:48:07.928+05:30  INFO 18488 --- [ORDER-SERVICE] [DiscoveryClient-InstanceInfoReplicator-%d] com.netflix.discovery.DiscoveryClient    : DiscoveryClient_ORDER-SERVICE/TejaDvv:ORDER-SERVICE:9192: registering service...
2024-11-20T11:48:07.949+05:30  INFO 18488 --- [ORDER-SERVICE] [DiscoveryClient-InstanceInfoReplicator-%d] com.netflix.discovery.DiscoveryClient    : DiscoveryClient_ORDER-SERVICE/TejaDvv:ORDER-SERVICE:9192 - registration status: 204
2024-11-20T11:48:07.966+05:30  INFO 18488 --- [ORDER-SERVICE] [SpringApplicationShutdownHook] j.LocalContainerEntityManagerFactoryBean : Closing JPA EntityManagerFactory for persistence unit 'default'
2024-11-20T11:48:07.982+05:30  INFO 18488 --- [ORDER-SERVICE] [SpringApplicationShutdownHook] com.zaxxer.hikari.HikariDataSource       : HikariPool-1 - Shutdown initiated...
2024-11-20T11:48:07.996+05:30  INFO 18488 --- [ORDER-SERVICE] [SpringApplicationShutdownHook] com.zaxxer.hikari.HikariDataSource       : HikariPool-1 - Shutdown completed.
2024-11-20T11:48:07.998+05:30  INFO 18488 --- [ORDER-SERVICE] [SpringApplicationShutdownHook] com.netflix.discovery.DiscoveryClient    : Shutting down DiscoveryClient ...
2024-11-20T11:48:11.003+05:30  INFO 18488 --- [ORDER-SERVICE] [SpringApplicationShutdownHook] com.netflix.discovery.DiscoveryClient    : Unregistering ...
2024-11-20T11:48:11.025+05:30  INFO 18488 --- [ORDER-SERVICE] [SpringApplicationShutdownHook] com.netflix.discovery.DiscoveryClient    : DiscoveryClient_ORDER-SERVICE/TejaDvv:ORDER-SERVICE:9192 - deregister  status: 200
2024-11-20T11:48:11.026+05:30  INFO 18488 --- [ORDER-SERVICE] [SpringApplicationShutdownHook] com.netflix.discovery.DiscoveryClient    : Completed shut down of DiscoveryClient
2024-11-20T11:49:03.088+05:30  INFO 2632 --- [ORDER-SERVICE] [main] c.c.c.ConfigServicePropertySourceLocator : Fetching config from server at : http://localhost:8888
2024-11-20T11:49:03.107+05:30  INFO 2632 --- [ORDER-SERVICE] [main] c.c.c.ConfigServicePropertySourceLocator : Exception on Url - http://localhost:8888:org.springframework.web.client.ResourceAccessException: I/O error on GET request for "http://localhost:8888/ORDER-SERVICE/default": Connection refused: getsockopt. Will be trying the next url if available
2024-11-20T11:49:03.107+05:30  WARN 2632 --- [ORDER-SERVICE] [main] c.c.c.ConfigServicePropertySourceLocator : Could not locate PropertySource: I/O error on GET request for "http://localhost:8888/ORDER-SERVICE/default": Connection refused: getsockopt
2024-11-20T11:49:03.117+05:30  INFO 2632 --- [ORDER-SERVICE] [main] c.t.os.api.OrderServiceApplication       : No active profile set, falling back to 1 default profile: "default"
2024-11-20T11:49:03.157+05:30  INFO 2632 --- [ORDER-SERVICE] [main] o.s.c.c.c.ConfigServerConfigDataLoader   : Fetching config from server at : http://localhost:9196
2024-11-20T11:49:03.157+05:30  INFO 2632 --- [ORDER-SERVICE] [main] o.s.c.c.c.ConfigServerConfigDataLoader   : Located environment: name=ORDER-SERVICE, profiles=[default], label=null, version=336e9ced0209e5aa861c591af0a59af532fb3aa0, state=null
2024-11-20T11:49:04.556+05:30  INFO 2632 --- [ORDER-SERVICE] [main] .s.d.r.c.RepositoryConfigurationDelegate : Bootstrapping Spring Data JPA repositories in DEFAULT mode.
2024-11-20T11:49:04.929+05:30  INFO 2632 --- [ORDER-SERVICE] [main] .s.d.r.c.RepositoryConfigurationDelegate : Finished Spring Data repository scanning in 352 ms. Found 1 JPA repository interface.
2024-11-20T11:49:05.614+05:30  INFO 2632 --- [ORDER-SERVICE] [main] o.s.cloud.context.scope.GenericScope     : BeanFactory id=f717f652-c2a0-37d5-92b9-24cd52a0cce2
2024-11-20T11:49:05.947+05:30  WARN 2632 --- [ORDER-SERVICE] [main] trationDelegate$BeanPostProcessorChecker : Bean 'org.springframework.cloud.client.loadbalancer.LoadBalancerAutoConfiguration$DeferringLoadBalancerInterceptorConfig' of type [org.springframework.cloud.client.loadbalancer.LoadBalancerAutoConfiguration$DeferringLoadBalancerInterceptorConfig] is not eligible for getting processed by all BeanPostProcessors (for example: not eligible for auto-proxying). The currently created BeanPostProcessor [lbRestClientPostProcessor] is declared through a non-static factory method on that class; consider declaring it as static instead.
2024-11-20T11:49:05.952+05:30  WARN 2632 --- [ORDER-SERVICE] [main] trationDelegate$BeanPostProcessorChecker : Bean 'deferringLoadBalancerInterceptor' of type [org.springframework.cloud.client.loadbalancer.DeferringLoadBalancerInterceptor] is not eligible for getting processed by all BeanPostProcessors (for example: not eligible for auto-proxying). Is this bean getting eagerly injected/applied to a currently created BeanPostProcessor [lbRestClientPostProcessor]? Check the corresponding BeanPostProcessor declaration and its dependencies/advisors. If this bean does not have to be post-processed, declare it with ROLE_INFRASTRUCTURE.
2024-11-20T11:49:06.636+05:30  INFO 2632 --- [ORDER-SERVICE] [main] o.s.b.w.embedded.tomcat.TomcatWebServer  : Tomcat initialized with port 9192 (http)
2024-11-20T11:49:06.681+05:30  INFO 2632 --- [ORDER-SERVICE] [main] o.apache.catalina.core.StandardService   : Starting service [Tomcat]
2024-11-20T11:49:06.681+05:30  INFO 2632 --- [ORDER-SERVICE] [main] o.apache.catalina.core.StandardEngine    : Starting Servlet engine: [Apache Tomcat/10.1.31]
2024-11-20T11:49:06.907+05:30  INFO 2632 --- [ORDER-SERVICE] [main] o.a.c.c.C.[Tomcat].[localhost].[/]       : Initializing Spring embedded WebApplicationContext
2024-11-20T11:49:06.907+05:30  INFO 2632 --- [ORDER-SERVICE] [main] w.s.c.ServletWebServerApplicationContext : Root WebApplicationContext: initialization completed in 3750 ms
2024-11-20T11:49:07.030+05:30  INFO 2632 --- [ORDER-SERVICE] [main] com.zaxxer.hikari.HikariDataSource       : HikariPool-1 - Starting...
2024-11-20T11:49:07.424+05:30  INFO 2632 --- [ORDER-SERVICE] [main] com.zaxxer.hikari.pool.HikariPool        : HikariPool-1 - Added connection conn0: url=jdbc:h2:mem:order_db user=SA
2024-11-20T11:49:07.426+05:30  INFO 2632 --- [ORDER-SERVICE] [main] com.zaxxer.hikari.HikariDataSource       : HikariPool-1 - Start completed.
2024-11-20T11:49:07.450+05:30  INFO 2632 --- [ORDER-SERVICE] [main] o.s.b.a.h2.H2ConsoleAutoConfiguration    : H2 console available at '/h2-console'. Database available at 'jdbc:h2:mem:order_db'
2024-11-20T11:49:07.721+05:30  INFO 2632 --- [ORDER-SERVICE] [main] o.hibernate.jpa.internal.util.LogHelper  : HHH000204: Processing PersistenceUnitInfo [name: default]
2024-11-20T11:49:07.841+05:30  INFO 2632 --- [ORDER-SERVICE] [main] org.hibernate.Version                    : HHH000412: Hibernate ORM core version 6.5.3.Final
2024-11-20T11:49:07.900+05:30  INFO 2632 --- [ORDER-SERVICE] [main] o.h.c.internal.RegionFactoryInitiator    : HHH000026: Second-level cache disabled
2024-11-20T11:49:08.465+05:30  INFO 2632 --- [ORDER-SERVICE] [main] o.s.o.j.p.SpringPersistenceUnitInfo      : No LoadTimeWeaver setup: ignoring JPA class transformer
2024-11-20T11:49:09.791+05:30  INFO 2632 --- [ORDER-SERVICE] [main] o.h.e.t.j.p.i.JtaPlatformInitiator       : HHH000489: No JTA platform available (set 'hibernate.transaction.jta.platform' to enable JTA platform integration)
2024-11-20T11:49:09.822+05:30  INFO 2632 --- [ORDER-SERVICE] [main] j.LocalContainerEntityManagerFactoryBean : Initialized JPA EntityManagerFactory for persistence unit 'default'
2024-11-20T11:49:09.959+05:30  WARN 2632 --- [ORDER-SERVICE] [main] JpaBaseConfiguration$JpaWebConfiguration : spring.jpa.open-in-view is enabled by default. Therefore, database queries may be performed during view rendering. Explicitly configure spring.jpa.open-in-view to disable this warning
2024-11-20T11:49:10.989+05:30  INFO 2632 --- [ORDER-SERVICE] [main] DiscoveryClientOptionalArgsConfiguration : Eureka HTTP Client uses RestTemplate.
2024-11-20T11:49:11.057+05:30  WARN 2632 --- [ORDER-SERVICE] [main] iguration$LoadBalancerCaffeineWarnLogger : Spring Cloud LoadBalancer is currently working with the default cache. While this cache implementation is useful for development and tests, it's recommended to use Caffeine cache in production.You can switch to using Caffeine cache, by adding it and org.springframework.cache.caffeine.CaffeineCacheManager to the classpath.
2024-11-20T11:49:11.108+05:30  INFO 2632 --- [ORDER-SERVICE] [main] o.s.c.n.eureka.InstanceInfoFactory       : Setting initial instance status as: STARTING
2024-11-20T11:49:11.150+05:30  INFO 2632 --- [ORDER-SERVICE] [main] com.netflix.discovery.DiscoveryClient    : Initializing Eureka in region us-east-1
2024-11-20T11:49:11.153+05:30  INFO 2632 --- [ORDER-SERVICE] [main] c.n.d.s.r.aws.ConfigClusterResolver      : Resolving eureka endpoints via configuration
2024-11-20T11:49:11.166+05:30  INFO 2632 --- [ORDER-SERVICE] [main] com.netflix.discovery.DiscoveryClient    : Disable delta property : false
2024-11-20T11:49:11.166+05:30  INFO 2632 --- [ORDER-SERVICE] [main] com.netflix.discovery.DiscoveryClient    : Single vip registry refresh property : null
2024-11-20T11:49:11.166+05:30  INFO 2632 --- [ORDER-SERVICE] [main] com.netflix.discovery.DiscoveryClient    : Force full registry fetch : false
2024-11-20T11:49:11.170+05:30  INFO 2632 --- [ORDER-SERVICE] [main] com.netflix.discovery.DiscoveryClient    : Application is null : false
2024-11-20T11:49:11.170+05:30  INFO 2632 --- [ORDER-SERVICE] [main] com.netflix.discovery.DiscoveryClient    : Registered Applications size is zero : true
2024-11-20T11:49:11.170+05:30  INFO 2632 --- [ORDER-SERVICE] [main] com.netflix.discovery.DiscoveryClient    : Application version is -1: true
2024-11-20T11:49:11.170+05:30  INFO 2632 --- [ORDER-SERVICE] [main] com.netflix.discovery.DiscoveryClient    : Getting all instance registry info from the eureka server
2024-11-20T11:49:11.721+05:30  INFO 2632 --- [ORDER-SERVICE] [main] com.netflix.discovery.DiscoveryClient    : The response status is 200
2024-11-20T11:49:11.726+05:30  INFO 2632 --- [ORDER-SERVICE] [main] com.netflix.discovery.DiscoveryClient    : Starting heartbeat executor: renew interval is: 30
2024-11-20T11:49:11.732+05:30  INFO 2632 --- [ORDER-SERVICE] [main] c.n.discovery.InstanceInfoReplicator     : InstanceInfoReplicator onDemand update allowed rate per min is 4
2024-11-20T11:49:11.734+05:30  INFO 2632 --- [ORDER-SERVICE] [main] com.netflix.discovery.DiscoveryClient    : Discovery Client initialized at timestamp 1732083551734 with initial instances count: 2
2024-11-20T11:49:11.741+05:30  INFO 2632 --- [ORDER-SERVICE] [main] o.s.c.n.e.s.EurekaServiceRegistry        : Registering application ORDER-SERVICE with eureka with status UP
2024-11-20T11:49:11.742+05:30  INFO 2632 --- [ORDER-SERVICE] [main] com.netflix.discovery.DiscoveryClient    : Saw local status change event StatusChangeEvent [timestamp=1732083551742, current=UP, previous=STARTING]
2024-11-20T11:49:11.746+05:30  INFO 2632 --- [ORDER-SERVICE] [DiscoveryClient-InstanceInfoReplicator-%d] com.netflix.discovery.DiscoveryClient    : DiscoveryClient_ORDER-SERVICE/TejaDvv:ORDER-SERVICE:9192: registering service...
2024-11-20T11:49:11.790+05:30  INFO 2632 --- [ORDER-SERVICE] [main] o.s.b.w.embedded.tomcat.TomcatWebServer  : Tomcat started on port 9192 (http) with context path '/'
2024-11-20T11:49:11.794+05:30  INFO 2632 --- [ORDER-SERVICE] [main] .s.c.n.e.s.EurekaAutoServiceRegistration : Updating port to 9192
2024-11-20T11:49:11.965+05:30  INFO 2632 --- [ORDER-SERVICE] [DiscoveryClient-InstanceInfoReplicator-%d] com.netflix.discovery.DiscoveryClient    : DiscoveryClient_ORDER-SERVICE/TejaDvv:ORDER-SERVICE:9192 - registration status: 204
2024-11-20T11:49:12.023+05:30  INFO 2632 --- [ORDER-SERVICE] [main] c.t.os.api.OrderServiceApplication       : Started OrderServiceApplication in 11.377 seconds (process running for 12.219)
2024-11-20T11:49:49.178+05:30  INFO 2632 --- [ORDER-SERVICE] [SpringApplicationShutdownHook] o.s.c.n.e.s.EurekaServiceRegistry        : Unregistering application ORDER-SERVICE with eureka with status DOWN
2024-11-20T11:49:49.179+05:30  INFO 2632 --- [ORDER-SERVICE] [SpringApplicationShutdownHook] com.netflix.discovery.DiscoveryClient    : Saw local status change event StatusChangeEvent [timestamp=1732083589179, current=DOWN, previous=UP]
2024-11-20T11:49:49.180+05:30  INFO 2632 --- [ORDER-SERVICE] [DiscoveryClient-InstanceInfoReplicator-%d] com.netflix.discovery.DiscoveryClient    : DiscoveryClient_ORDER-SERVICE/TejaDvv:ORDER-SERVICE:9192: registering service...
2024-11-20T11:49:49.199+05:30  INFO 2632 --- [ORDER-SERVICE] [DiscoveryClient-InstanceInfoReplicator-%d] com.netflix.discovery.DiscoveryClient    : DiscoveryClient_ORDER-SERVICE/TejaDvv:ORDER-SERVICE:9192 - registration status: 204
2024-11-20T11:49:49.209+05:30  INFO 2632 --- [ORDER-SERVICE] [SpringApplicationShutdownHook] j.LocalContainerEntityManagerFactoryBean : Closing JPA EntityManagerFactory for persistence unit 'default'
2024-11-20T11:49:49.219+05:30  INFO 2632 --- [ORDER-SERVICE] [SpringApplicationShutdownHook] com.zaxxer.hikari.HikariDataSource       : HikariPool-1 - Shutdown initiated...
2024-11-20T11:49:49.226+05:30  INFO 2632 --- [ORDER-SERVICE] [SpringApplicationShutdownHook] com.zaxxer.hikari.HikariDataSource       : HikariPool-1 - Shutdown completed.
2024-11-20T11:49:49.227+05:30  INFO 2632 --- [ORDER-SERVICE] [SpringApplicationShutdownHook] com.netflix.discovery.DiscoveryClient    : Shutting down DiscoveryClient ...
2024-11-20T11:49:52.239+05:30  INFO 2632 --- [ORDER-SERVICE] [SpringApplicationShutdownHook] com.netflix.discovery.DiscoveryClient    : Unregistering ...
2024-11-20T11:49:52.262+05:30  INFO 2632 --- [ORDER-SERVICE] [SpringApplicationShutdownHook] com.netflix.discovery.DiscoveryClient    : DiscoveryClient_ORDER-SERVICE/TejaDvv:ORDER-SERVICE:9192 - deregister  status: 200
2024-11-20T11:49:52.263+05:30  INFO 2632 --- [ORDER-SERVICE] [SpringApplicationShutdownHook] com.netflix.discovery.DiscoveryClient    : Completed shut down of DiscoveryClient
2024-11-20T11:49:59.408+05:30  INFO 20516 --- [ORDER-SERVICE] [main] c.c.c.ConfigServicePropertySourceLocator : Fetching config from server at : http://localhost:8888
2024-11-20T11:49:59.418+05:30  INFO 20516 --- [ORDER-SERVICE] [main] c.c.c.ConfigServicePropertySourceLocator : Exception on Url - http://localhost:8888:org.springframework.web.client.ResourceAccessException: I/O error on GET request for "http://localhost:8888/ORDER-SERVICE/default": Connection refused: getsockopt. Will be trying the next url if available
2024-11-20T11:49:59.418+05:30  WARN 20516 --- [ORDER-SERVICE] [main] c.c.c.ConfigServicePropertySourceLocator : Could not locate PropertySource: I/O error on GET request for "http://localhost:8888/ORDER-SERVICE/default": Connection refused: getsockopt
2024-11-20T11:49:59.425+05:30  INFO 20516 --- [ORDER-SERVICE] [main] c.t.os.api.OrderServiceApplication       : No active profile set, falling back to 1 default profile: "default"
2024-11-20T11:49:59.452+05:30  INFO 20516 --- [ORDER-SERVICE] [main] o.s.c.c.c.ConfigServerConfigDataLoader   : Fetching config from server at : http://localhost:9196
2024-11-20T11:49:59.452+05:30  INFO 20516 --- [ORDER-SERVICE] [main] o.s.c.c.c.ConfigServerConfigDataLoader   : Located environment: name=ORDER-SERVICE, profiles=[default], label=null, version=336e9ced0209e5aa861c591af0a59af532fb3aa0, state=null
2024-11-20T11:50:00.372+05:30  INFO 20516 --- [ORDER-SERVICE] [main] .s.d.r.c.RepositoryConfigurationDelegate : Bootstrapping Spring Data JPA repositories in DEFAULT mode.
2024-11-20T11:50:00.594+05:30  INFO 20516 --- [ORDER-SERVICE] [main] .s.d.r.c.RepositoryConfigurationDelegate : Finished Spring Data repository scanning in 211 ms. Found 1 JPA repository interface.
2024-11-20T11:50:01.017+05:30  INFO 20516 --- [ORDER-SERVICE] [main] o.s.cloud.context.scope.GenericScope     : BeanFactory id=f717f652-c2a0-37d5-92b9-24cd52a0cce2
2024-11-20T11:50:01.224+05:30  WARN 20516 --- [ORDER-SERVICE] [main] trationDelegate$BeanPostProcessorChecker : Bean 'org.springframework.cloud.client.loadbalancer.LoadBalancerAutoConfiguration$DeferringLoadBalancerInterceptorConfig' of type [org.springframework.cloud.client.loadbalancer.LoadBalancerAutoConfiguration$DeferringLoadBalancerInterceptorConfig] is not eligible for getting processed by all BeanPostProcessors (for example: not eligible for auto-proxying). The currently created BeanPostProcessor [lbRestClientPostProcessor] is declared through a non-static factory method on that class; consider declaring it as static instead.
2024-11-20T11:50:01.228+05:30  WARN 20516 --- [ORDER-SERVICE] [main] trationDelegate$BeanPostProcessorChecker : Bean 'deferringLoadBalancerInterceptor' of type [org.springframework.cloud.client.loadbalancer.DeferringLoadBalancerInterceptor] is not eligible for getting processed by all BeanPostProcessors (for example: not eligible for auto-proxying). Is this bean getting eagerly injected/applied to a currently created BeanPostProcessor [lbRestClientPostProcessor]? Check the corresponding BeanPostProcessor declaration and its dependencies/advisors. If this bean does not have to be post-processed, declare it with ROLE_INFRASTRUCTURE.
2024-11-20T11:50:01.619+05:30  INFO 20516 --- [ORDER-SERVICE] [main] o.s.b.w.embedded.tomcat.TomcatWebServer  : Tomcat initialized with port 9192 (http)
2024-11-20T11:50:01.632+05:30  INFO 20516 --- [ORDER-SERVICE] [main] o.apache.catalina.core.StandardService   : Starting service [Tomcat]
2024-11-20T11:50:01.634+05:30  INFO 20516 --- [ORDER-SERVICE] [main] o.apache.catalina.core.StandardEngine    : Starting Servlet engine: [Apache Tomcat/10.1.31]
2024-11-20T11:50:01.724+05:30  INFO 20516 --- [ORDER-SERVICE] [main] o.a.c.c.C.[Tomcat].[localhost].[/]       : Initializing Spring embedded WebApplicationContext
2024-11-20T11:50:01.724+05:30  INFO 20516 --- [ORDER-SERVICE] [main] w.s.c.ServletWebServerApplicationContext : Root WebApplicationContext: initialization completed in 2272 ms
2024-11-20T11:50:01.825+05:30  INFO 20516 --- [ORDER-SERVICE] [main] com.zaxxer.hikari.HikariDataSource       : HikariPool-1 - Starting...
2024-11-20T11:50:02.111+05:30  INFO 20516 --- [ORDER-SERVICE] [main] com.zaxxer.hikari.pool.HikariPool        : HikariPool-1 - Added connection conn0: url=jdbc:h2:mem:order_db user=SA
2024-11-20T11:50:02.113+05:30  INFO 20516 --- [ORDER-SERVICE] [main] com.zaxxer.hikari.HikariDataSource       : HikariPool-1 - Start completed.
2024-11-20T11:50:02.133+05:30  INFO 20516 --- [ORDER-SERVICE] [main] o.s.b.a.h2.H2ConsoleAutoConfiguration    : H2 console available at '/h2-console'. Database available at 'jdbc:h2:mem:order_db'
2024-11-20T11:50:02.411+05:30  INFO 20516 --- [ORDER-SERVICE] [main] o.hibernate.jpa.internal.util.LogHelper  : HHH000204: Processing PersistenceUnitInfo [name: default]
2024-11-20T11:50:02.522+05:30  INFO 20516 --- [ORDER-SERVICE] [main] org.hibernate.Version                    : HHH000412: Hibernate ORM core version 6.5.3.Final
2024-11-20T11:50:02.582+05:30  INFO 20516 --- [ORDER-SERVICE] [main] o.h.c.internal.RegionFactoryInitiator    : HHH000026: Second-level cache disabled
2024-11-20T11:50:03.097+05:30  INFO 20516 --- [ORDER-SERVICE] [main] o.s.o.j.p.SpringPersistenceUnitInfo      : No LoadTimeWeaver setup: ignoring JPA class transformer
2024-11-20T11:50:04.188+05:30  INFO 20516 --- [ORDER-SERVICE] [main] o.h.e.t.j.p.i.JtaPlatformInitiator       : HHH000489: No JTA platform available (set 'hibernate.transaction.jta.platform' to enable JTA platform integration)
2024-11-20T11:50:04.217+05:30  INFO 20516 --- [ORDER-SERVICE] [main] j.LocalContainerEntityManagerFactoryBean : Initialized JPA EntityManagerFactory for persistence unit 'default'
2024-11-20T11:50:04.314+05:30  WARN 20516 --- [ORDER-SERVICE] [main] JpaBaseConfiguration$JpaWebConfiguration : spring.jpa.open-in-view is enabled by default. Therefore, database queries may be performed during view rendering. Explicitly configure spring.jpa.open-in-view to disable this warning
2024-11-20T11:50:06.005+05:30  INFO 20516 --- [ORDER-SERVICE] [main] DiscoveryClientOptionalArgsConfiguration : Eureka HTTP Client uses RestTemplate.
2024-11-20T11:50:06.113+05:30  WARN 20516 --- [ORDER-SERVICE] [main] iguration$LoadBalancerCaffeineWarnLogger : Spring Cloud LoadBalancer is currently working with the default cache. While this cache implementation is useful for development and tests, it's recommended to use Caffeine cache in production.You can switch to using Caffeine cache, by adding it and org.springframework.cache.caffeine.CaffeineCacheManager to the classpath.
2024-11-20T11:50:06.177+05:30  INFO 20516 --- [ORDER-SERVICE] [main] o.s.c.n.eureka.InstanceInfoFactory       : Setting initial instance status as: STARTING
2024-11-20T11:50:06.250+05:30  INFO 20516 --- [ORDER-SERVICE] [main] com.netflix.discovery.DiscoveryClient    : Initializing Eureka in region us-east-1
2024-11-20T11:50:06.259+05:30  INFO 20516 --- [ORDER-SERVICE] [main] c.n.d.s.r.aws.ConfigClusterResolver      : Resolving eureka endpoints via configuration
2024-11-20T11:50:06.284+05:30  INFO 20516 --- [ORDER-SERVICE] [main] com.netflix.discovery.DiscoveryClient    : Disable delta property : false
2024-11-20T11:50:06.284+05:30  INFO 20516 --- [ORDER-SERVICE] [main] com.netflix.discovery.DiscoveryClient    : Single vip registry refresh property : null
2024-11-20T11:50:06.284+05:30  INFO 20516 --- [ORDER-SERVICE] [main] com.netflix.discovery.DiscoveryClient    : Force full registry fetch : false
2024-11-20T11:50:06.284+05:30  INFO 20516 --- [ORDER-SERVICE] [main] com.netflix.discovery.DiscoveryClient    : Application is null : false
2024-11-20T11:50:06.284+05:30  INFO 20516 --- [ORDER-SERVICE] [main] com.netflix.discovery.DiscoveryClient    : Registered Applications size is zero : true
2024-11-20T11:50:06.284+05:30  INFO 20516 --- [ORDER-SERVICE] [main] com.netflix.discovery.DiscoveryClient    : Application version is -1: true
2024-11-20T11:50:06.284+05:30  INFO 20516 --- [ORDER-SERVICE] [main] com.netflix.discovery.DiscoveryClient    : Getting all instance registry info from the eureka server
2024-11-20T11:50:07.141+05:30  INFO 20516 --- [ORDER-SERVICE] [main] com.netflix.discovery.DiscoveryClient    : The response status is 200
2024-11-20T11:50:07.149+05:30  INFO 20516 --- [ORDER-SERVICE] [main] com.netflix.discovery.DiscoveryClient    : Starting heartbeat executor: renew interval is: 30
2024-11-20T11:50:07.154+05:30  INFO 20516 --- [ORDER-SERVICE] [main] c.n.discovery.InstanceInfoReplicator     : InstanceInfoReplicator onDemand update allowed rate per min is 4
2024-11-20T11:50:07.154+05:30  INFO 20516 --- [ORDER-SERVICE] [main] com.netflix.discovery.DiscoveryClient    : Discovery Client initialized at timestamp 1732083607154 with initial instances count: 3
2024-11-20T11:50:07.166+05:30  INFO 20516 --- [ORDER-SERVICE] [main] o.s.c.n.e.s.EurekaServiceRegistry        : Registering application ORDER-SERVICE with eureka with status UP
2024-11-20T11:50:07.166+05:30  INFO 20516 --- [ORDER-SERVICE] [main] com.netflix.discovery.DiscoveryClient    : Saw local status change event StatusChangeEvent [timestamp=1732083607166, current=UP, previous=STARTING]
2024-11-20T11:50:07.170+05:30  INFO 20516 --- [ORDER-SERVICE] [DiscoveryClient-InstanceInfoReplicator-%d] com.netflix.discovery.DiscoveryClient    : DiscoveryClient_ORDER-SERVICE/TejaDvv:ORDER-SERVICE:9192: registering service...
2024-11-20T11:50:07.219+05:30  INFO 20516 --- [ORDER-SERVICE] [main] o.s.b.w.embedded.tomcat.TomcatWebServer  : Tomcat started on port 9192 (http) with context path '/'
2024-11-20T11:50:07.223+05:30  INFO 20516 --- [ORDER-SERVICE] [main] .s.c.n.e.s.EurekaAutoServiceRegistration : Updating port to 9192
2024-11-20T11:50:07.293+05:30  INFO 20516 --- [ORDER-SERVICE] [DiscoveryClient-InstanceInfoReplicator-%d] com.netflix.discovery.DiscoveryClient    : DiscoveryClient_ORDER-SERVICE/TejaDvv:ORDER-SERVICE:9192 - registration status: 204
2024-11-20T11:50:07.345+05:30  INFO 20516 --- [ORDER-SERVICE] [main] c.t.os.api.OrderServiceApplication       : Started OrderServiceApplication in 10.148 seconds (process running for 10.944)
2024-11-20T11:50:49.601+05:30  INFO 20516 --- [ORDER-SERVICE] [SpringApplicationShutdownHook] o.s.c.n.e.s.EurekaServiceRegistry        : Unregistering application ORDER-SERVICE with eureka with status DOWN
2024-11-20T11:50:49.603+05:30  INFO 20516 --- [ORDER-SERVICE] [SpringApplicationShutdownHook] com.netflix.discovery.DiscoveryClient    : Saw local status change event StatusChangeEvent [timestamp=1732083649603, current=DOWN, previous=UP]
2024-11-20T11:50:49.603+05:30  INFO 20516 --- [ORDER-SERVICE] [DiscoveryClient-InstanceInfoReplicator-%d] com.netflix.discovery.DiscoveryClient    : DiscoveryClient_ORDER-SERVICE/TejaDvv:ORDER-SERVICE:9192: registering service...
2024-11-20T11:50:49.629+05:30  INFO 20516 --- [ORDER-SERVICE] [DiscoveryClient-InstanceInfoReplicator-%d] com.netflix.discovery.DiscoveryClient    : DiscoveryClient_ORDER-SERVICE/TejaDvv:ORDER-SERVICE:9192 - registration status: 204
2024-11-20T11:50:49.641+05:30  INFO 20516 --- [ORDER-SERVICE] [SpringApplicationShutdownHook] j.LocalContainerEntityManagerFactoryBean : Closing JPA EntityManagerFactory for persistence unit 'default'
2024-11-20T11:50:49.656+05:30  INFO 20516 --- [ORDER-SERVICE] [SpringApplicationShutdownHook] com.zaxxer.hikari.HikariDataSource       : HikariPool-1 - Shutdown initiated...
2024-11-20T11:50:49.664+05:30  INFO 20516 --- [ORDER-SERVICE] [SpringApplicationShutdownHook] com.zaxxer.hikari.HikariDataSource       : HikariPool-1 - Shutdown completed.
2024-11-20T11:50:49.666+05:30  INFO 20516 --- [ORDER-SERVICE] [SpringApplicationShutdownHook] com.netflix.discovery.DiscoveryClient    : Shutting down DiscoveryClient ...
2024-11-20T11:50:52.677+05:30  INFO 20516 --- [ORDER-SERVICE] [SpringApplicationShutdownHook] com.netflix.discovery.DiscoveryClient    : Unregistering ...
2024-11-20T11:50:52.695+05:30  INFO 20516 --- [ORDER-SERVICE] [SpringApplicationShutdownHook] com.netflix.discovery.DiscoveryClient    : DiscoveryClient_ORDER-SERVICE/TejaDvv:ORDER-SERVICE:9192 - deregister  status: 200
2024-11-20T11:50:52.696+05:30  INFO 20516 --- [ORDER-SERVICE] [SpringApplicationShutdownHook] com.netflix.discovery.DiscoveryClient    : Completed shut down of DiscoveryClient
2024-11-20T17:32:24.792+05:30  INFO 2816 --- [ORDER-SERVICE] [main] c.c.c.ConfigServicePropertySourceLocator : Fetching config from server at : http://localhost:8888
2024-11-20T17:32:25.947+05:30  INFO 2816 --- [ORDER-SERVICE] [main] c.c.c.ConfigServicePropertySourceLocator : Exception on Url - http://localhost:8888:org.springframework.web.client.ResourceAccessException: I/O error on GET request for "http://localhost:8888/ORDER-SERVICE/default": Connection refused: getsockopt. Will be trying the next url if available
2024-11-20T17:32:25.948+05:30  WARN 2816 --- [ORDER-SERVICE] [main] c.c.c.ConfigServicePropertySourceLocator : Could not locate PropertySource: I/O error on GET request for "http://localhost:8888/ORDER-SERVICE/default": Connection refused: getsockopt
2024-11-20T17:32:25.962+05:30  INFO 2816 --- [ORDER-SERVICE] [main] c.t.os.api.OrderServiceApplication       : No active profile set, falling back to 1 default profile: "default"
2024-11-20T17:32:25.996+05:30  INFO 2816 --- [ORDER-SERVICE] [main] o.s.c.c.c.ConfigServerConfigDataLoader   : Fetching config from server at : http://localhost:9196
2024-11-20T17:32:25.997+05:30  INFO 2816 --- [ORDER-SERVICE] [main] o.s.c.c.c.ConfigServerConfigDataLoader   : Located environment: name=ORDER-SERVICE, profiles=[default], label=null, version=336e9ced0209e5aa861c591af0a59af532fb3aa0, state=null
2024-11-20T17:32:26.645+05:30  INFO 2816 --- [ORDER-SERVICE] [main] .s.d.r.c.RepositoryConfigurationDelegate : Bootstrapping Spring Data JPA repositories in DEFAULT mode.
2024-11-20T17:32:26.778+05:30  INFO 2816 --- [ORDER-SERVICE] [main] .s.d.r.c.RepositoryConfigurationDelegate : Finished Spring Data repository scanning in 121 ms. Found 1 JPA repository interface.
2024-11-20T17:32:27.060+05:30  INFO 2816 --- [ORDER-SERVICE] [main] o.s.cloud.context.scope.GenericScope     : BeanFactory id=f717f652-c2a0-37d5-92b9-24cd52a0cce2
2024-11-20T17:32:27.183+05:30  WARN 2816 --- [ORDER-SERVICE] [main] trationDelegate$BeanPostProcessorChecker : Bean 'org.springframework.cloud.client.loadbalancer.LoadBalancerAutoConfiguration$DeferringLoadBalancerInterceptorConfig' of type [org.springframework.cloud.client.loadbalancer.LoadBalancerAutoConfiguration$DeferringLoadBalancerInterceptorConfig] is not eligible for getting processed by all BeanPostProcessors (for example: not eligible for auto-proxying). The currently created BeanPostProcessor [lbRestClientPostProcessor] is declared through a non-static factory method on that class; consider declaring it as static instead.
2024-11-20T17:32:27.185+05:30  WARN 2816 --- [ORDER-SERVICE] [main] trationDelegate$BeanPostProcessorChecker : Bean 'deferringLoadBalancerInterceptor' of type [org.springframework.cloud.client.loadbalancer.DeferringLoadBalancerInterceptor] is not eligible for getting processed by all BeanPostProcessors (for example: not eligible for auto-proxying). Is this bean getting eagerly injected/applied to a currently created BeanPostProcessor [lbRestClientPostProcessor]? Check the corresponding BeanPostProcessor declaration and its dependencies/advisors. If this bean does not have to be post-processed, declare it with ROLE_INFRASTRUCTURE.
2024-11-20T17:32:27.493+05:30  INFO 2816 --- [ORDER-SERVICE] [main] o.s.b.w.embedded.tomcat.TomcatWebServer  : Tomcat initialized with port 9192 (http)
2024-11-20T17:32:27.513+05:30  INFO 2816 --- [ORDER-SERVICE] [main] o.apache.catalina.core.StandardService   : Starting service [Tomcat]
2024-11-20T17:32:27.514+05:30  INFO 2816 --- [ORDER-SERVICE] [main] o.apache.catalina.core.StandardEngine    : Starting Servlet engine: [Apache Tomcat/10.1.31]
2024-11-20T17:32:27.608+05:30  INFO 2816 --- [ORDER-SERVICE] [main] o.a.c.c.C.[Tomcat].[localhost].[/]       : Initializing Spring embedded WebApplicationContext
2024-11-20T17:32:27.609+05:30  INFO 2816 --- [ORDER-SERVICE] [main] w.s.c.ServletWebServerApplicationContext : Root WebApplicationContext: initialization completed in 1611 ms
2024-11-20T17:32:27.650+05:30  INFO 2816 --- [ORDER-SERVICE] [main] com.zaxxer.hikari.HikariDataSource       : HikariPool-1 - Starting...
2024-11-20T17:32:27.866+05:30  INFO 2816 --- [ORDER-SERVICE] [main] com.zaxxer.hikari.pool.HikariPool        : HikariPool-1 - Added connection conn0: url=jdbc:h2:mem:order_db user=SA
2024-11-20T17:32:27.868+05:30  INFO 2816 --- [ORDER-SERVICE] [main] com.zaxxer.hikari.HikariDataSource       : HikariPool-1 - Start completed.
2024-11-20T17:32:27.883+05:30  INFO 2816 --- [ORDER-SERVICE] [main] o.s.b.a.h2.H2ConsoleAutoConfiguration    : H2 console available at '/h2-console'. Database available at 'jdbc:h2:mem:order_db'
2024-11-20T17:32:28.067+05:30  INFO 2816 --- [ORDER-SERVICE] [main] o.hibernate.jpa.internal.util.LogHelper  : HHH000204: Processing PersistenceUnitInfo [name: default]
2024-11-20T17:32:28.175+05:30  INFO 2816 --- [ORDER-SERVICE] [main] org.hibernate.Version                    : HHH000412: Hibernate ORM core version 6.5.3.Final
2024-11-20T17:32:28.229+05:30  INFO 2816 --- [ORDER-SERVICE] [main] o.h.c.internal.RegionFactoryInitiator    : HHH000026: Second-level cache disabled
2024-11-20T17:32:28.606+05:30  INFO 2816 --- [ORDER-SERVICE] [main] o.s.o.j.p.SpringPersistenceUnitInfo      : No LoadTimeWeaver setup: ignoring JPA class transformer
2024-11-20T17:32:29.423+05:30  INFO 2816 --- [ORDER-SERVICE] [main] o.h.e.t.j.p.i.JtaPlatformInitiator       : HHH000489: No JTA platform available (set 'hibernate.transaction.jta.platform' to enable JTA platform integration)
2024-11-20T17:32:29.456+05:30  INFO 2816 --- [ORDER-SERVICE] [main] j.LocalContainerEntityManagerFactoryBean : Initialized JPA EntityManagerFactory for persistence unit 'default'
2024-11-20T17:32:29.524+05:30  WARN 2816 --- [ORDER-SERVICE] [main] JpaBaseConfiguration$JpaWebConfiguration : spring.jpa.open-in-view is enabled by default. Therefore, database queries may be performed during view rendering. Explicitly configure spring.jpa.open-in-view to disable this warning
2024-11-20T17:32:30.283+05:30  INFO 2816 --- [ORDER-SERVICE] [main] DiscoveryClientOptionalArgsConfiguration : Eureka HTTP Client uses RestTemplate.
2024-11-20T17:32:30.335+05:30  WARN 2816 --- [ORDER-SERVICE] [main] iguration$LoadBalancerCaffeineWarnLogger : Spring Cloud LoadBalancer is currently working with the default cache. While this cache implementation is useful for development and tests, it's recommended to use Caffeine cache in production.You can switch to using Caffeine cache, by adding it and org.springframework.cache.caffeine.CaffeineCacheManager to the classpath.
2024-11-20T17:32:30.359+05:30  INFO 2816 --- [ORDER-SERVICE] [main] o.s.c.n.eureka.InstanceInfoFactory       : Setting initial instance status as: STARTING
2024-11-20T17:32:30.385+05:30  INFO 2816 --- [ORDER-SERVICE] [main] com.netflix.discovery.DiscoveryClient    : Initializing Eureka in region us-east-1
2024-11-20T17:32:30.389+05:30  INFO 2816 --- [ORDER-SERVICE] [main] c.n.d.s.r.aws.ConfigClusterResolver      : Resolving eureka endpoints via configuration
2024-11-20T17:32:30.399+05:30  INFO 2816 --- [ORDER-SERVICE] [main] com.netflix.discovery.DiscoveryClient    : Disable delta property : false
2024-11-20T17:32:30.400+05:30  INFO 2816 --- [ORDER-SERVICE] [main] com.netflix.discovery.DiscoveryClient    : Single vip registry refresh property : null
2024-11-20T17:32:30.400+05:30  INFO 2816 --- [ORDER-SERVICE] [main] com.netflix.discovery.DiscoveryClient    : Force full registry fetch : false
2024-11-20T17:32:30.400+05:30  INFO 2816 --- [ORDER-SERVICE] [main] com.netflix.discovery.DiscoveryClient    : Application is null : false
2024-11-20T17:32:30.400+05:30  INFO 2816 --- [ORDER-SERVICE] [main] com.netflix.discovery.DiscoveryClient    : Registered Applications size is zero : true
2024-11-20T17:32:30.400+05:30  INFO 2816 --- [ORDER-SERVICE] [main] com.netflix.discovery.DiscoveryClient    : Application version is -1: true
2024-11-20T17:32:30.400+05:30  INFO 2816 --- [ORDER-SERVICE] [main] com.netflix.discovery.DiscoveryClient    : Getting all instance registry info from the eureka server
2024-11-20T17:32:30.787+05:30  INFO 2816 --- [ORDER-SERVICE] [main] com.netflix.discovery.DiscoveryClient    : The response status is 200
2024-11-20T17:32:30.789+05:30  INFO 2816 --- [ORDER-SERVICE] [main] com.netflix.discovery.DiscoveryClient    : Starting heartbeat executor: renew interval is: 30
2024-11-20T17:32:30.791+05:30  INFO 2816 --- [ORDER-SERVICE] [main] c.n.discovery.InstanceInfoReplicator     : InstanceInfoReplicator onDemand update allowed rate per min is 4
2024-11-20T17:32:30.792+05:30  INFO 2816 --- [ORDER-SERVICE] [main] com.netflix.discovery.DiscoveryClient    : Discovery Client initialized at timestamp 1732104150792 with initial instances count: 2
2024-11-20T17:32:30.797+05:30  INFO 2816 --- [ORDER-SERVICE] [main] o.s.c.n.e.s.EurekaServiceRegistry        : Registering application ORDER-SERVICE with eureka with status UP
2024-11-20T17:32:30.797+05:30  INFO 2816 --- [ORDER-SERVICE] [main] com.netflix.discovery.DiscoveryClient    : Saw local status change event StatusChangeEvent [timestamp=1732104150797, current=UP, previous=STARTING]
2024-11-20T17:32:30.800+05:30  INFO 2816 --- [ORDER-SERVICE] [DiscoveryClient-InstanceInfoReplicator-%d] com.netflix.discovery.DiscoveryClient    : DiscoveryClient_ORDER-SERVICE/TejaDvv:ORDER-SERVICE:9192: registering service...
2024-11-20T17:32:30.824+05:30  INFO 2816 --- [ORDER-SERVICE] [main] o.s.b.w.embedded.tomcat.TomcatWebServer  : Tomcat started on port 9192 (http) with context path '/'
2024-11-20T17:32:30.826+05:30  INFO 2816 --- [ORDER-SERVICE] [main] .s.c.n.e.s.EurekaAutoServiceRegistration : Updating port to 9192
2024-11-20T17:32:30.856+05:30  INFO 2816 --- [ORDER-SERVICE] [DiscoveryClient-InstanceInfoReplicator-%d] com.netflix.discovery.DiscoveryClient    : DiscoveryClient_ORDER-SERVICE/TejaDvv:ORDER-SERVICE:9192 - registration status: 204
2024-11-20T17:32:30.869+05:30  INFO 2816 --- [ORDER-SERVICE] [main] c.t.os.api.OrderServiceApplication       : Started OrderServiceApplication in 7.449 seconds (process running for 8.037)
2024-11-20T17:33:09.643+05:30  INFO 2816 --- [ORDER-SERVICE] [SpringApplicationShutdownHook] o.s.c.n.e.s.EurekaServiceRegistry        : Unregistering application ORDER-SERVICE with eureka with status DOWN
2024-11-20T17:33:09.643+05:30  INFO 2816 --- [ORDER-SERVICE] [SpringApplicationShutdownHook] com.netflix.discovery.DiscoveryClient    : Saw local status change event StatusChangeEvent [timestamp=1732104189643, current=DOWN, previous=UP]
2024-11-20T17:33:09.643+05:30  INFO 2816 --- [ORDER-SERVICE] [DiscoveryClient-InstanceInfoReplicator-%d] com.netflix.discovery.DiscoveryClient    : DiscoveryClient_ORDER-SERVICE/TejaDvv:ORDER-SERVICE:9192: registering service...
2024-11-20T17:33:09.656+05:30  INFO 2816 --- [ORDER-SERVICE] [DiscoveryClient-InstanceInfoReplicator-%d] com.netflix.discovery.DiscoveryClient    : DiscoveryClient_ORDER-SERVICE/TejaDvv:ORDER-SERVICE:9192 - registration status: 204
2024-11-20T17:33:09.660+05:30  INFO 2816 --- [ORDER-SERVICE] [SpringApplicationShutdownHook] j.LocalContainerEntityManagerFactoryBean : Closing JPA EntityManagerFactory for persistence unit 'default'
2024-11-20T17:33:09.664+05:30  INFO 2816 --- [ORDER-SERVICE] [SpringApplicationShutdownHook] com.zaxxer.hikari.HikariDataSource       : HikariPool-1 - Shutdown initiated...
2024-11-20T17:33:09.667+05:30  INFO 2816 --- [ORDER-SERVICE] [SpringApplicationShutdownHook] com.zaxxer.hikari.HikariDataSource       : HikariPool-1 - Shutdown completed.
2024-11-20T17:33:09.668+05:30  INFO 2816 --- [ORDER-SERVICE] [SpringApplicationShutdownHook] com.netflix.discovery.DiscoveryClient    : Shutting down DiscoveryClient ...
2024-11-20T17:33:12.676+05:30  INFO 2816 --- [ORDER-SERVICE] [SpringApplicationShutdownHook] com.netflix.discovery.DiscoveryClient    : Unregistering ...
2024-11-20T17:33:12.695+05:30  INFO 2816 --- [ORDER-SERVICE] [SpringApplicationShutdownHook] com.netflix.discovery.DiscoveryClient    : DiscoveryClient_ORDER-SERVICE/TejaDvv:ORDER-SERVICE:9192 - deregister  status: 200
2024-11-20T17:33:12.696+05:30  INFO 2816 --- [ORDER-SERVICE] [SpringApplicationShutdownHook] com.netflix.discovery.DiscoveryClient    : Completed shut down of DiscoveryClient
2024-11-20T17:44:49.814+05:30  INFO 2672 --- [ORDER-SERVICE] [main] c.c.c.ConfigServicePropertySourceLocator : Fetching config from server at : http://localhost:8888
2024-11-20T17:44:49.822+05:30  INFO 2672 --- [ORDER-SERVICE] [main] c.c.c.ConfigServicePropertySourceLocator : Exception on Url - http://localhost:8888:org.springframework.web.client.ResourceAccessException: I/O error on GET request for "http://localhost:8888/ORDER-SERVICE/default": Connection refused: getsockopt. Will be trying the next url if available
2024-11-20T17:44:49.822+05:30  WARN 2672 --- [ORDER-SERVICE] [main] c.c.c.ConfigServicePropertySourceLocator : Could not locate PropertySource: I/O error on GET request for "http://localhost:8888/ORDER-SERVICE/default": Connection refused: getsockopt
2024-11-20T17:44:49.826+05:30  INFO 2672 --- [ORDER-SERVICE] [main] c.t.os.api.OrderServiceApplication       : No active profile set, falling back to 1 default profile: "default"
2024-11-20T17:44:49.848+05:30  INFO 2672 --- [ORDER-SERVICE] [main] o.s.c.c.c.ConfigServerConfigDataLoader   : Fetching config from server at : http://localhost:9196
2024-11-20T17:44:49.849+05:30  INFO 2672 --- [ORDER-SERVICE] [main] o.s.c.c.c.ConfigServerConfigDataLoader   : Located environment: name=ORDER-SERVICE, profiles=[default], label=null, version=336e9ced0209e5aa861c591af0a59af532fb3aa0, state=null
2024-11-20T17:44:50.409+05:30  INFO 2672 --- [ORDER-SERVICE] [main] .s.d.r.c.RepositoryConfigurationDelegate : Bootstrapping Spring Data JPA repositories in DEFAULT mode.
2024-11-20T17:44:50.547+05:30  INFO 2672 --- [ORDER-SERVICE] [main] .s.d.r.c.RepositoryConfigurationDelegate : Finished Spring Data repository scanning in 131 ms. Found 1 JPA repository interface.
2024-11-20T17:44:50.854+05:30  INFO 2672 --- [ORDER-SERVICE] [main] o.s.cloud.context.scope.GenericScope     : BeanFactory id=f717f652-c2a0-37d5-92b9-24cd52a0cce2
2024-11-20T17:44:50.974+05:30  WARN 2672 --- [ORDER-SERVICE] [main] trationDelegate$BeanPostProcessorChecker : Bean 'org.springframework.cloud.client.loadbalancer.LoadBalancerAutoConfiguration$DeferringLoadBalancerInterceptorConfig' of type [org.springframework.cloud.client.loadbalancer.LoadBalancerAutoConfiguration$DeferringLoadBalancerInterceptorConfig] is not eligible for getting processed by all BeanPostProcessors (for example: not eligible for auto-proxying). The currently created BeanPostProcessor [lbRestClientPostProcessor] is declared through a non-static factory method on that class; consider declaring it as static instead.
2024-11-20T17:44:50.976+05:30  WARN 2672 --- [ORDER-SERVICE] [main] trationDelegate$BeanPostProcessorChecker : Bean 'deferringLoadBalancerInterceptor' of type [org.springframework.cloud.client.loadbalancer.DeferringLoadBalancerInterceptor] is not eligible for getting processed by all BeanPostProcessors (for example: not eligible for auto-proxying). Is this bean getting eagerly injected/applied to a currently created BeanPostProcessor [lbRestClientPostProcessor]? Check the corresponding BeanPostProcessor declaration and its dependencies/advisors. If this bean does not have to be post-processed, declare it with ROLE_INFRASTRUCTURE.
2024-11-20T17:44:51.259+05:30  INFO 2672 --- [ORDER-SERVICE] [main] o.s.b.w.embedded.tomcat.TomcatWebServer  : Tomcat initialized with port 9192 (http)
2024-11-20T17:44:51.274+05:30  INFO 2672 --- [ORDER-SERVICE] [main] o.apache.catalina.core.StandardService   : Starting service [Tomcat]
2024-11-20T17:44:51.275+05:30  INFO 2672 --- [ORDER-SERVICE] [main] o.apache.catalina.core.StandardEngine    : Starting Servlet engine: [Apache Tomcat/10.1.31]
2024-11-20T17:44:51.370+05:30  INFO 2672 --- [ORDER-SERVICE] [main] o.a.c.c.C.[Tomcat].[localhost].[/]       : Initializing Spring embedded WebApplicationContext
2024-11-20T17:44:51.371+05:30  INFO 2672 --- [ORDER-SERVICE] [main] w.s.c.ServletWebServerApplicationContext : Root WebApplicationContext: initialization completed in 1522 ms
2024-11-20T17:44:51.411+05:30  INFO 2672 --- [ORDER-SERVICE] [main] com.zaxxer.hikari.HikariDataSource       : HikariPool-1 - Starting...
2024-11-20T17:44:51.590+05:30  INFO 2672 --- [ORDER-SERVICE] [main] com.zaxxer.hikari.pool.HikariPool        : HikariPool-1 - Added connection conn0: url=jdbc:h2:mem:order_db user=SA
2024-11-20T17:44:51.592+05:30  INFO 2672 --- [ORDER-SERVICE] [main] com.zaxxer.hikari.HikariDataSource       : HikariPool-1 - Start completed.
2024-11-20T17:44:51.605+05:30  INFO 2672 --- [ORDER-SERVICE] [main] o.s.b.a.h2.H2ConsoleAutoConfiguration    : H2 console available at '/h2-console'. Database available at 'jdbc:h2:mem:order_db'
2024-11-20T17:44:51.789+05:30  INFO 2672 --- [ORDER-SERVICE] [main] o.hibernate.jpa.internal.util.LogHelper  : HHH000204: Processing PersistenceUnitInfo [name: default]
2024-11-20T17:44:51.872+05:30  INFO 2672 --- [ORDER-SERVICE] [main] org.hibernate.Version                    : HHH000412: Hibernate ORM core version 6.5.3.Final
2024-11-20T17:44:51.910+05:30  INFO 2672 --- [ORDER-SERVICE] [main] o.h.c.internal.RegionFactoryInitiator    : HHH000026: Second-level cache disabled
2024-11-20T17:44:52.231+05:30  INFO 2672 --- [ORDER-SERVICE] [main] o.s.o.j.p.SpringPersistenceUnitInfo      : No LoadTimeWeaver setup: ignoring JPA class transformer
2024-11-20T17:44:53.014+05:30  INFO 2672 --- [ORDER-SERVICE] [main] o.h.e.t.j.p.i.JtaPlatformInitiator       : HHH000489: No JTA platform available (set 'hibernate.transaction.jta.platform' to enable JTA platform integration)
2024-11-20T17:44:53.038+05:30  INFO 2672 --- [ORDER-SERVICE] [main] j.LocalContainerEntityManagerFactoryBean : Initialized JPA EntityManagerFactory for persistence unit 'default'
2024-11-20T17:44:53.106+05:30  WARN 2672 --- [ORDER-SERVICE] [main] JpaBaseConfiguration$JpaWebConfiguration : spring.jpa.open-in-view is enabled by default. Therefore, database queries may be performed during view rendering. Explicitly configure spring.jpa.open-in-view to disable this warning
2024-11-20T17:44:53.824+05:30  INFO 2672 --- [ORDER-SERVICE] [main] DiscoveryClientOptionalArgsConfiguration : Eureka HTTP Client uses RestTemplate.
2024-11-20T17:44:53.865+05:30  WARN 2672 --- [ORDER-SERVICE] [main] iguration$LoadBalancerCaffeineWarnLogger : Spring Cloud LoadBalancer is currently working with the default cache. While this cache implementation is useful for development and tests, it's recommended to use Caffeine cache in production.You can switch to using Caffeine cache, by adding it and org.springframework.cache.caffeine.CaffeineCacheManager to the classpath.
2024-11-20T17:44:53.891+05:30  INFO 2672 --- [ORDER-SERVICE] [main] o.s.c.n.eureka.InstanceInfoFactory       : Setting initial instance status as: STARTING
2024-11-20T17:44:53.914+05:30  INFO 2672 --- [ORDER-SERVICE] [main] com.netflix.discovery.DiscoveryClient    : Initializing Eureka in region us-east-1
2024-11-20T17:44:53.919+05:30  INFO 2672 --- [ORDER-SERVICE] [main] c.n.d.s.r.aws.ConfigClusterResolver      : Resolving eureka endpoints via configuration
2024-11-20T17:44:53.929+05:30  INFO 2672 --- [ORDER-SERVICE] [main] com.netflix.discovery.DiscoveryClient    : Disable delta property : false
2024-11-20T17:44:53.929+05:30  INFO 2672 --- [ORDER-SERVICE] [main] com.netflix.discovery.DiscoveryClient    : Single vip registry refresh property : null
2024-11-20T17:44:53.929+05:30  INFO 2672 --- [ORDER-SERVICE] [main] com.netflix.discovery.DiscoveryClient    : Force full registry fetch : false
2024-11-20T17:44:53.929+05:30  INFO 2672 --- [ORDER-SERVICE] [main] com.netflix.discovery.DiscoveryClient    : Application is null : false
2024-11-20T17:44:53.929+05:30  INFO 2672 --- [ORDER-SERVICE] [main] com.netflix.discovery.DiscoveryClient    : Registered Applications size is zero : true
2024-11-20T17:44:53.929+05:30  INFO 2672 --- [ORDER-SERVICE] [main] com.netflix.discovery.DiscoveryClient    : Application version is -1: true
2024-11-20T17:44:53.929+05:30  INFO 2672 --- [ORDER-SERVICE] [main] com.netflix.discovery.DiscoveryClient    : Getting all instance registry info from the eureka server
2024-11-20T17:44:54.279+05:30  INFO 2672 --- [ORDER-SERVICE] [main] com.netflix.discovery.DiscoveryClient    : The response status is 200
2024-11-20T17:44:54.282+05:30  INFO 2672 --- [ORDER-SERVICE] [main] com.netflix.discovery.DiscoveryClient    : Starting heartbeat executor: renew interval is: 30
2024-11-20T17:44:54.283+05:30  INFO 2672 --- [ORDER-SERVICE] [main] c.n.discovery.InstanceInfoReplicator     : InstanceInfoReplicator onDemand update allowed rate per min is 4
2024-11-20T17:44:54.285+05:30  INFO 2672 --- [ORDER-SERVICE] [main] com.netflix.discovery.DiscoveryClient    : Discovery Client initialized at timestamp 1732104894285 with initial instances count: 4
2024-11-20T17:44:54.291+05:30  INFO 2672 --- [ORDER-SERVICE] [main] o.s.c.n.e.s.EurekaServiceRegistry        : Registering application ORDER-SERVICE with eureka with status UP
2024-11-20T17:44:54.291+05:30  INFO 2672 --- [ORDER-SERVICE] [main] com.netflix.discovery.DiscoveryClient    : Saw local status change event StatusChangeEvent [timestamp=1732104894291, current=UP, previous=STARTING]
2024-11-20T17:44:54.293+05:30  INFO 2672 --- [ORDER-SERVICE] [DiscoveryClient-InstanceInfoReplicator-%d] com.netflix.discovery.DiscoveryClient    : DiscoveryClient_ORDER-SERVICE/TejaDvv:ORDER-SERVICE:9192: registering service...
2024-11-20T17:44:54.312+05:30  INFO 2672 --- [ORDER-SERVICE] [main] o.s.b.w.embedded.tomcat.TomcatWebServer  : Tomcat started on port 9192 (http) with context path '/'
2024-11-20T17:44:54.313+05:30  INFO 2672 --- [ORDER-SERVICE] [main] .s.c.n.e.s.EurekaAutoServiceRegistration : Updating port to 9192
2024-11-20T17:44:54.355+05:30  INFO 2672 --- [ORDER-SERVICE] [DiscoveryClient-InstanceInfoReplicator-%d] com.netflix.discovery.DiscoveryClient    : DiscoveryClient_ORDER-SERVICE/TejaDvv:ORDER-SERVICE:9192 - registration status: 204
2024-11-20T17:44:54.392+05:30  INFO 2672 --- [ORDER-SERVICE] [main] c.t.os.api.OrderServiceApplication       : Started OrderServiceApplication in 6.02 seconds (process running for 6.586)
2024-11-20T17:45:09.896+05:30  INFO 2672 --- [ORDER-SERVICE] [SpringApplicationShutdownHook] o.s.c.n.e.s.EurekaServiceRegistry        : Unregistering application ORDER-SERVICE with eureka with status DOWN
2024-11-20T17:45:09.896+05:30  INFO 2672 --- [ORDER-SERVICE] [SpringApplicationShutdownHook] com.netflix.discovery.DiscoveryClient    : Saw local status change event StatusChangeEvent [timestamp=1732104909896, current=DOWN, previous=UP]
2024-11-20T17:45:09.896+05:30  INFO 2672 --- [ORDER-SERVICE] [DiscoveryClient-InstanceInfoReplicator-%d] com.netflix.discovery.DiscoveryClient    : DiscoveryClient_ORDER-SERVICE/TejaDvv:ORDER-SERVICE:9192: registering service...
2024-11-20T17:45:09.913+05:30  INFO 2672 --- [ORDER-SERVICE] [DiscoveryClient-InstanceInfoReplicator-%d] com.netflix.discovery.DiscoveryClient    : DiscoveryClient_ORDER-SERVICE/TejaDvv:ORDER-SERVICE:9192 - registration status: 204
2024-11-20T17:45:09.918+05:30  INFO 2672 --- [ORDER-SERVICE] [SpringApplicationShutdownHook] j.LocalContainerEntityManagerFactoryBean : Closing JPA EntityManagerFactory for persistence unit 'default'
2024-11-20T17:45:09.922+05:30  INFO 2672 --- [ORDER-SERVICE] [SpringApplicationShutdownHook] com.zaxxer.hikari.HikariDataSource       : HikariPool-1 - Shutdown initiated...
2024-11-20T17:45:09.925+05:30  INFO 2672 --- [ORDER-SERVICE] [SpringApplicationShutdownHook] com.zaxxer.hikari.HikariDataSource       : HikariPool-1 - Shutdown completed.
2024-11-20T17:45:09.926+05:30  INFO 2672 --- [ORDER-SERVICE] [SpringApplicationShutdownHook] com.netflix.discovery.DiscoveryClient    : Shutting down DiscoveryClient ...
2024-11-20T17:45:12.929+05:30  INFO 2672 --- [ORDER-SERVICE] [SpringApplicationShutdownHook] com.netflix.discovery.DiscoveryClient    : Unregistering ...
2024-11-20T17:45:12.948+05:30  INFO 2672 --- [ORDER-SERVICE] [SpringApplicationShutdownHook] com.netflix.discovery.DiscoveryClient    : DiscoveryClient_ORDER-SERVICE/TejaDvv:ORDER-SERVICE:9192 - deregister  status: 200
2024-11-20T17:45:12.949+05:30  INFO 2672 --- [ORDER-SERVICE] [SpringApplicationShutdownHook] com.netflix.discovery.DiscoveryClient    : Completed shut down of DiscoveryClient
